<?xml version="1.0" encoding="UTF-8"?>
<!-- Generated by org.testng.reporters.JUnitReportReporter -->
<testsuite hostname="LAPTOP-CSN9D3G5" failures="0" tests="1" name="com.apollo247.testscript.PharmacyModule" time="0.010" errors="0" timestamp="2025-11-01T12:30:08 IST" skipped="0">
  <testcase classname="com.apollo247.testscript.PharmacyModule" name="orderMedicine" time="0.010">
    <system-out>
      <![CDATA[Medicine has been ordered]]>
    </system-out>
  </testcase> <!-- orderMedicine -->
  <system-out>
    <![CDATA[Medicine has been ordered]]>
  </system-out>
</testsuite> <!-- com.apollo247.testscript.PharmacyModule -->
