<?xml version="1.0" encoding="UTF-8"?>
<!-- Generated by org.testng.reporters.JUnitReportReporter -->
<testsuite hostname="LAPTOP-CSN9D3G5" failures="0" tests="1" name="com.apollo247.testscript.GetFbTitle" time="9.134" errors="0" timestamp="2025-11-01T12:30:08 IST" skipped="0">
  <testcase classname="com.apollo247.testscript.GetFbTitle" name="getFbTitle" time="9.134"/>
  <system-out>
    <![CDATA[Medicine has been ordered]]>
  </system-out>
</testsuite> <!-- com.apollo247.testscript.GetFbTitle -->
